<?xml version="1.0" encoding="UTF-8"?>
<!-- Generated by org.testng.reporters.JUnitReportReporter -->
<testsuite hostname="Aurnob" failures="0" tests="1" name="TestCases.TestScenario02" time="105.307" errors="0" timestamp="2024-05-20T02:06:56 BDT" skipped="0">
  <testcase classname="TestCases.TestScenario02" name="OrderReplace" time="105.307"/>
  <system-out/>
</testsuite> <!-- TestCases.TestScenario02 -->
