<?xml version="1.0" encoding="UTF-8"?>
<!-- Generated by org.testng.reporters.JUnitReportReporter -->
<testsuite hostname="Aurnob" failures="0" tests="1" name="TestCases.CustomerAddProducts" time="22.147" errors="0" timestamp="2024-05-19T19:57:21 BDT" skipped="0">
  <testcase classname="TestCases.CustomerAddProducts" name="addToCart" time="22.147"/>
  <system-out/>
</testsuite> <!-- TestCases.CustomerAddProducts -->
