<?xml version="1.0" encoding="UTF-8"?>
<!-- Generated by org.testng.reporters.JUnitReportReporter -->
<testsuite hostname="Aurnob" failures="0" tests="1" name="TestCases.TestScenario01" time="20.790" errors="0" timestamp="2024-05-23T02:07:30 BDT" skipped="0">
  <testcase classname="TestCases.TestScenario01" name="addcarttwo" time="20.790"/>
  <system-out/>
</testsuite> <!-- TestCases.TestScenario01 -->
